-------------------------------------------------------------------------------
Test set: com.example.servingwebcontent.ServingWebContentApplicationTest
-------------------------------------------------------------------------------
Tests run: 3, Failures: 3, Errors: 0, Skipped: 0, Time elapsed: 2.336 s <<< FAILURE! -- in com.example.servingwebcontent.ServingWebContentApplicationTest
com.example.servingwebcontent.ServingWebContentApplicationTest.homePage -- Time elapsed: 0.697 s <<< FAILURE!
java.lang.AssertionError: 
Response content
Expected: a string containing "Get your greeting"
     but: was "<!DOCTYPE HTML>
<html>
<head> 
    <title>Quáº£n lÃ½ phim</title> 
    <meta http-equiv="Content-Type" content="text/html; charset=UTF-8" />
    <style>
        body {
            background: #f7f7f7;
            font-family: 'Times New Roman', Times, serif, sans-serif;
            margin: 0;
            padding: 0;
        }
        .container {
            max-width: 420px;
            margin: 80px auto;
            background: #fff;
            border-radius: 10px;
            box-shadow: 0 4px 16px rgba(0,0,0,0.08);
            padding: 36px 32px 28px 32px;
            text-align: center;
        }
        h1 {
            color: #1976d2;
            margin-bottom: 18px;
        }
        .main-link {
            display: inline-block;
            margin-top: 18px;
            padding: 12px 32px;
            background: #1976d2;
            color: #fff;
            border-radius: 5px;
            text-decoration: none;
            font-size: 26px;
            font-weight: bold;
            transition: background 0.2s;
        }
        .main-link:hover {
            background: #125ea7;
        }
        .desc {
            color: #444;
            margin-bottom: 24px;
            font-size: 20px;
        }
    </style>
</head>
<body>
    <div class="container">
        <h1>Quáº£n lÃ½ phim</h1>
        <div class="desc">ChÃ o má»«ng báº¡n Äáº¿n vá»i há» thá»ng quáº£n lÃ½ bÃ¡n vÃ© xem phim.</div>
        <a href="/movies" class="main-link">Xem phim ngay</a>
    </div>
</body>
</html>
"
	at org.hamcrest.MatcherAssert.assertThat(MatcherAssert.java:20)
	at org.springframework.test.web.servlet.result.ContentResultMatchers.lambda$string$3(ContentResultMatchers.java:141)
	at org.springframework.test.web.servlet.MockMvc$1.andExpect(MockMvc.java:214)
	at com.example.servingwebcontent.ServingWebContentApplicationTest.homePage(ServingWebContentApplicationTest.java:39)
	at java.base/java.lang.reflect.Method.invoke(Method.java:569)
	at java.base/java.util.ArrayList.forEach(ArrayList.java:1511)
	at java.base/java.util.ArrayList.forEach(ArrayList.java:1511)

com.example.servingwebcontent.ServingWebContentApplicationTest.greetingWithUser -- Time elapsed: 0.016 s <<< FAILURE!
java.lang.AssertionError: 
Response content
Expected: a string containing "Hello, Greg!"
     but: was ""
	at org.hamcrest.MatcherAssert.assertThat(MatcherAssert.java:20)
	at org.springframework.test.web.servlet.result.ContentResultMatchers.lambda$string$3(ContentResultMatchers.java:141)
	at org.springframework.test.web.servlet.MockMvc$1.andExpect(MockMvc.java:214)
	at com.example.servingwebcontent.ServingWebContentApplicationTest.greetingWithUser(ServingWebContentApplicationTest.java:51)
	at java.base/java.lang.reflect.Method.invoke(Method.java:569)
	at java.base/java.util.ArrayList.forEach(ArrayList.java:1511)
	at java.base/java.util.ArrayList.forEach(ArrayList.java:1511)

com.example.servingwebcontent.ServingWebContentApplicationTest.greeting -- Time elapsed: 0.008 s <<< FAILURE!
java.lang.AssertionError: 
Response content
Expected: a string containing "Hello, World!"
     but: was ""
	at org.hamcrest.MatcherAssert.assertThat(MatcherAssert.java:20)
	at org.springframework.test.web.servlet.result.ContentResultMatchers.lambda$string$3(ContentResultMatchers.java:141)
	at org.springframework.test.web.servlet.MockMvc$1.andExpect(MockMvc.java:214)
	at com.example.servingwebcontent.ServingWebContentApplicationTest.greeting(ServingWebContentApplicationTest.java:45)
	at java.base/java.lang.reflect.Method.invoke(Method.java:569)
	at java.base/java.util.ArrayList.forEach(ArrayList.java:1511)
	at java.base/java.util.ArrayList.forEach(ArrayList.java:1511)

